# JRE version: Java(TM) SE Runtime Environment (8.0_92-b14) (build 1.8.0_92-b14)
# Java VM: Java HotSpot(TM) Client VM (25.92-b14 mixed mode windows-x86 )
Heap:
 def new generation   total 39424K, used 18874K [0x05000000, 0x07ac0000, 0x0faa0000)
  eden space 35072K,  46% used [0x05000000, 0x05fd3ad8, 0x07240000)
  from space 4352K,  61% used [0x07240000, 0x074dad68, 0x07680000)
  to   space 4352K,   0% used [0x07680000, 0x07680000, 0x07ac0000)
 tenured generation   total 87424K, used 25609K [0x0faa0000, 0x15000000, 0x25000000)
   the space 87424K,  29% used [0x0faa0000, 0x113a26d0, 0x113a2800, 0x15000000)
 Metaspace       used 18004K, capacity 18466K, committed 18560K, reserved 18816K
GC Heap History (10 events):
Event: 1.471 GC heap before
{Heap before GC invocations=0 (full 0):
 def new generation   total 39296K, used 34944K [0x05000000, 0x07aa0000, 0x0faa0000)
  eden space 34944K, 100% used [0x05000000, 0x07220000, 0x07220000)
  from space 4352K,   0% used [0x07220000, 0x07220000, 0x07660000)
  to   space 4352K,   0% used [0x07660000, 0x07660000, 0x07aa0000)
 tenured generation   total 87424K, used 0K [0x0faa0000, 0x15000000, 0x25000000)
   the space 87424K,   0% used [0x0faa0000, 0x0faa0000, 0x0faa0200, 0x15000000)
 Metaspace       used 9654K, capacity 9830K, committed 9984K, reserved 10624K
Event: 1.478 GC heap after
Heap after GC invocations=1 (full 0):
 def new generation   total 39296K, used 4352K [0x05000000, 0x07aa0000, 0x0faa0000)
  eden space 34944K,   0% used [0x05000000, 0x05000000, 0x07220000)
  from space 4352K, 100% used [0x07660000, 0x07aa0000, 0x07aa0000)
  to   space 4352K,   0% used [0x07220000, 0x07220000, 0x07660000)
 tenured generation   total 87424K, used 2938K [0x0faa0000, 0x15000000, 0x25000000)
   the space 87424K,   3% used [0x0faa0000, 0x0fd7ebd8, 0x0fd7ec00, 0x15000000)
 Metaspace       used 9654K, capacity 9830K, committed 9984K, reserved 10624K
}
Event: 2.014 GC heap before
{Heap before GC invocations=1 (full 0):
 def new generation   total 39296K, used 39296K [0x05000000, 0x07aa0000, 0x0faa0000)
  eden space 34944K, 100% used [0x05000000, 0x07220000, 0x07220000)
  from space 4352K, 100% used [0x07660000, 0x07aa0000, 0x07aa0000)
  to   space 4352K,   0% used [0x07220000, 0x07220000, 0x07660000)
 tenured generation   total 87424K, used 2938K [0x0faa0000, 0x15000000, 0x25000000)
   the space 87424K,   3% used [0x0faa0000, 0x0fd7ebd8, 0x0fd7ec00, 0x15000000)
 Metaspace       used 11756K, capacity 12094K, committed 12160K, reserved 12672K
Event: 2.027 GC heap after
Heap after GC invocations=2 (full 0):
 def new generation   total 39296K, used 4352K [0x05000000, 0x07aa0000, 0x0faa0000)
  eden space 34944K,   0% used [0x05000000, 0x05000000, 0x07220000)
  from space 4352K, 100% used [0x07220000, 0x07660000, 0x07660000)
  to   space 4352K,   0% used [0x07660000, 0x07660000, 0x07aa0000)
 tenured generation   total 87424K, used 8565K [0x0faa0000, 0x15000000, 0x25000000)
   the space 87424K,   9% used [0x0faa0000, 0x102fd7e8, 0x102fd800, 0x15000000)
 Metaspace       used 11756K, capacity 12094K, committed 12160K, reserved 12672K
}
Event: 2.383 GC heap before
{Heap before GC invocations=2 (full 0):
 def new generation   total 39296K, used 11911K [0x05000000, 0x07aa0000, 0x0faa0000)
  eden space 34944K,  21% used [0x05000000, 0x05761e98, 0x07220000)
  from space 4352K, 100% used [0x07220000, 0x07660000, 0x07660000)
  to   space 4352K,   0% used [0x07660000, 0x07660000, 0x07aa0000)
 tenured generation   total 87424K, used 8565K [0x0faa0000, 0x15000000, 0x25000000)
   the space 87424K,   9% used [0x0faa0000, 0x102fd7e8, 0x102fd800, 0x15000000)
 Metaspace       used 11926K, capacity 12264K, committed 12288K, reserved 12672K
Event: 2.402 GC heap after
Heap after GC invocations=3 (full 1):
 def new generation   total 39424K, used 0K [0x05000000, 0x07ac0000, 0x0faa0000)
  eden space 35072K,   0% used [0x05000000, 0x05000000, 0x07240000)
  from space 4352K,   0% used [0x07240000, 0x07240000, 0x07680000)
  to   space 4352K,   0% used [0x07680000, 0x07680000, 0x07ac0000)
 tenured generation   total 87424K, used 13624K [0x0faa0000, 0x15000000, 0x25000000)
   the space 87424K,  15% used [0x0faa0000, 0x107ee288, 0x107ee400, 0x15000000)
 Metaspace       used 11926K, capacity 12264K, committed 12288K, reserved 12672K
}
Event: 3.033 GC heap before
{Heap before GC invocations=3 (full 1):
 def new generation   total 39424K, used 33064K [0x05000000, 0x07ac0000, 0x0faa0000)
  eden space 35072K,  94% used [0x05000000, 0x0704a038, 0x07240000)
  from space 4352K,   0% used [0x07240000, 0x07240000, 0x07680000)
  to   space 4352K,   0% used [0x07680000, 0x07680000, 0x07ac0000)
 tenured generation   total 87424K, used 13624K [0x0faa0000, 0x15000000, 0x25000000)
   the space 87424K,  15% used [0x0faa0000, 0x107ee288, 0x107ee400, 0x15000000)
 Metaspace       used 17264K, capacity 17662K, committed 17792K, reserved 17792K
Event: 3.042 GC heap after
Heap after GC invocations=4 (full 1):
 def new generation   total 39424K, used 4352K [0x05000000, 0x07ac0000, 0x0faa0000)
  eden space 35072K,   0% used [0x05000000, 0x05000000, 0x07240000)
  from space 4352K, 100% used [0x07680000, 0x07ac0000, 0x07ac0000)
  to   space 4352K,   0% used [0x07240000, 0x07240000, 0x07680000)
 tenured generation   total 87424K, used 15455K [0x0faa0000, 0x15000000, 0x25000000)
   the space 87424K,  17% used [0x0faa0000, 0x109b7ff8, 0x109b8000, 0x15000000)
 Metaspace       used 17264K, capacity 17662K, committed 17792K, reserved 17792K
}
Event: 75.001 GC heap before
{Heap before GC invocations=4 (full 1):
 def new generation   total 39424K, used 39424K [0x05000000, 0x07ac0000, 0x0faa0000)
  eden space 35072K, 100% used [0x05000000, 0x07240000, 0x07240000)
  from space 4352K, 100% used [0x07680000, 0x07ac0000, 0x07ac0000)
  to   space 4352K,   0% used [0x07240000, 0x07240000, 0x07680000)
 tenured generation   total 87424K, used 15455K [0x0faa0000, 0x15000000, 0x25000000)
   the space 87424K,  17% used [0x0faa0000, 0x109b7ff8, 0x109b8000, 0x15000000)
 Metaspace       used 17971K, capacity 18426K, committed 18560K, reserved 18816K
Event: 75.013 GC heap after
Heap after GC invocations=5 (full 1):
 def new generation   total 39424K, used 2667K [0x05000000, 0x07ac0000, 0x0faa0000)
  eden space 35072K,   0% used [0x05000000, 0x05000000, 0x07240000)
  from space 4352K,  61% used [0x07240000, 0x074dad68, 0x07680000)
  to   space 4352K,   0% used [0x07680000, 0x07680000, 0x07ac0000)
 tenured generation   total 87424K, used 25609K [0x0faa0000, 0x15000000, 0x25000000)
   the space 87424K,  29% used [0x0faa0000, 0x113a26d0, 0x113a2800, 0x15000000)
 Metaspace       used 17971K, capacity 18426K, committed 18560K, reserved 18816K
}

